legal.c: Dans la fonction « exists_legal_mov »:
legal.c:326:56: attention: variable « bm_result » définie mais non utilisée [-Wunused-but-set-variable]
  326 |   BITMASK bm_save_pos, bm_eaten_save_pos, bm_legmoves, bm_result, bm_work;
      |                                                        ^~~~~~~~~
legal.c: Dans la fonction « rook_eats_king »:
legal.c:101:1: attention: le contrôle a atteint la fin d'une fonction non « void » [-Wreturn-type]
  101 | }
      | ^
wblegmov.c: Dans la fonction « white_exists_leg_moves »:
wblegmov.c:82:10: attention: variable « moves_nonzero » définie mais non utilisée [-Wunused-but-set-variable]
   82 |   int i, moves_nonzero;
      |          ^~~~~~~~~~~~~
wblegmov.c: Dans la fonction « black_exists_leg_moves »:
wblegmov.c:120:10: attention: variable « moves_nonzero » définie mais non utilisée [-Wunused-but-set-variable]
  120 |   int i, moves_nonzero;
      |          ^~~~~~~~~~~~~
rw_thread.c: Dans la fonction « white_move »:
rw_thread.c:145:9: attention: variable « tmpres » définie mais non utilisée [-Wunused-but-set-variable]
  145 |   float tmpres;
      |         ^~~~~~
rw_thread.c: Dans la fonction « black_move »:
rw_thread.c:189:9: attention: variable « tmpres » définie mais non utilisée [-Wunused-but-set-variable]
  189 |   float tmpres;
      |         ^~~~~~
